<?xml version="1.0" encoding="utf-8"?><testsuites name="pytest tests"><testsuite name="pytest" errors="0" failures="0" skipped="0" tests="10" time="11.156" timestamp="2026-04-20T10:54:23.191974+00:00" hostname="agent-env-2074866b-d3d8-4a69-ad4a-b456a7447c4f"><testcase classname="backend.tests.test_translator" name="test_health" time="0.182" /><testcase classname="backend.tests.test_translator" name="test_clear_initial" time="0.045" /><testcase classname="backend.tests.test_translator" name="test_translate_text_hi_to_kn" time="1.299" /><testcase classname="backend.tests.test_translator" name="test_translate_text_kn_to_hi" time="1.572" /><testcase classname="backend.tests.test_translator" name="test_translate_empty_text" time="0.046" /><testcase classname="backend.tests.test_translator" name="test_translate_invalid_lang" time="0.042" /><testcase classname="backend.tests.test_translator" name="test_list_conversations" time="0.045" /><testcase classname="backend.tests.test_translator" name="test_translate_audio_empty" time="0.140" /><testcase classname="backend.tests.test_translator" name="test_translate_audio_invalid_bytes" time="7.619" /><testcase classname="backend.tests.test_translator" name="test_clear_conversations" time="0.089" /></testsuite></testsuites>